# JRE version: OpenJDK Runtime Environment (11.0.12+7) (build 11.0.12+7-b1504.28-7817840)
# Java VM: OpenJDK 64-Bit Server VM (11.0.12+7-b1504.28-7817840, mixed mode, tiered, compressed oops, g1 gc, windows-amd64)
Heap:
 garbage-first heap   total 704512K, used 173056K [0x0000000080000000, 0x0000000100000000)
  region size 1024K, 5 young (5120K), 5 survivors (5120K)
 Metaspace       used 99750K, capacity 102598K, committed 102640K, reserved 1138688K
  class space    used 13151K, capacity 14272K, committed 14284K, reserved 1048576K
GC Heap History (20 events):
Event: 87.503 GC heap after
{Heap after GC invocations=68 (full 0):
 garbage-first heap   total 131072K, used 120457K [0x0000000080000000, 0x0000000100000000)
  region size 1024K, 1 young (1024K), 1 survivors (1024K)
 Metaspace       used 93088K, capacity 95467K, committed 95728K, reserved 1132544K
  class space    used 12007K, capacity 12920K, committed 13004K, reserved 1048576K
}
Event: 87.525 GC heap before
{Heap before GC invocations=68 (full 0):
 garbage-first heap   total 131072K, used 125577K [0x0000000080000000, 0x0000000100000000)
  region size 1024K, 6 young (6144K), 1 survivors (1024K)
 Metaspace       used 93096K, capacity 95467K, committed 95728K, reserved 1132544K
  class space    used 12007K, capacity 12920K, committed 13004K, reserved 1048576K
}
Event: 87.528 GC heap after
{Heap after GC invocations=69 (full 0):
 garbage-first heap   total 131072K, used 121720K [0x0000000080000000, 0x0000000100000000)
  region size 1024K, 1 young (1024K), 1 survivors (1024K)
 Metaspace       used 93096K, capacity 95467K, committed 95728K, reserved 1132544K
  class space    used 12007K, capacity 12920K, committed 13004K, reserved 1048576K
}
Event: 87.548 GC heap before
{Heap before GC invocations=69 (full 0):
 garbage-first heap   total 131072K, used 126840K [0x0000000080000000, 0x0000000100000000)
  region size 1024K, 6 young (6144K), 1 survivors (1024K)
 Metaspace       used 93125K, capacity 95532K, committed 95728K, reserved 1132544K
  class space    used 12007K, capacity 12920K, committed 13004K, reserved 1048576K
}
Event: 87.553 GC heap after
{Heap after GC invocations=70 (full 0):
 garbage-first heap   total 172032K, used 122869K [0x0000000080000000, 0x0000000100000000)
  region size 1024K, 1 young (1024K), 1 survivors (1024K)
 Metaspace       used 93125K, capacity 95532K, committed 95728K, reserved 1132544K
  class space    used 12007K, capacity 12920K, committed 13004K, reserved 1048576K
}
Event: 87.723 GC heap before
{Heap before GC invocations=71 (full 0):
 garbage-first heap   total 172032K, used 135157K [0x0000000080000000, 0x0000000100000000)
  region size 1024K, 13 young (13312K), 1 survivors (1024K)
 Metaspace       used 93327K, capacity 95586K, committed 96112K, reserved 1132544K
  class space    used 12013K, capacity 12881K, committed 13132K, reserved 1048576K
}
Event: 87.730 GC heap after
{Heap after GC invocations=72 (full 0):
 garbage-first heap   total 172032K, used 125103K [0x0000000080000000, 0x0000000100000000)
  region size 1024K, 2 young (2048K), 2 survivors (2048K)
 Metaspace       used 93327K, capacity 95586K, committed 96112K, reserved 1132544K
  class space    used 12013K, capacity 12881K, committed 13132K, reserved 1048576K
}
Event: 87.809 GC heap before
{Heap before GC invocations=72 (full 0):
 garbage-first heap   total 172032K, used 137391K [0x0000000080000000, 0x0000000100000000)
  region size 1024K, 14 young (14336K), 2 survivors (2048K)
 Metaspace       used 93501K, capacity 95773K, committed 96368K, reserved 1132544K
  class space    used 12036K, capacity 12898K, committed 13132K, reserved 1048576K
}
Event: 87.816 GC heap after
{Heap after GC invocations=73 (full 0):
 garbage-first heap   total 172032K, used 127865K [0x0000000080000000, 0x0000000100000000)
  region size 1024K, 2 young (2048K), 2 survivors (2048K)
 Metaspace       used 93501K, capacity 95773K, committed 96368K, reserved 1132544K
  class space    used 12036K, capacity 12898K, committed 13132K, reserved 1048576K
}
Event: 88.060 GC heap before
{Heap before GC invocations=73 (full 0):
 garbage-first heap   total 172032K, used 139129K [0x0000000080000000, 0x0000000100000000)
  region size 1024K, 14 young (14336K), 2 survivors (2048K)
 Metaspace       used 94095K, capacity 96394K, committed 96624K, reserved 1132544K
  class space    used 12124K, capacity 12997K, committed 13132K, reserved 1048576K
}
Event: 88.067 GC heap after
{Heap after GC invocations=74 (full 0):
 garbage-first heap   total 172032K, used 130155K [0x0000000080000000, 0x0000000100000000)
  region size 1024K, 2 young (2048K), 2 survivors (2048K)
 Metaspace       used 94095K, capacity 96394K, committed 96624K, reserved 1132544K
  class space    used 12124K, capacity 12997K, committed 13132K, reserved 1048576K
}
Event: 88.149 GC heap before
{Heap before GC invocations=75 (full 0):
 garbage-first heap   total 172032K, used 141419K [0x0000000080000000, 0x0000000100000000)
  region size 1024K, 13 young (13312K), 2 survivors (2048K)
 Metaspace       used 94162K, capacity 96460K, committed 96880K, reserved 1132544K
  class space    used 12129K, capacity 12997K, committed 13132K, reserved 1048576K
}
Event: 88.160 GC heap after
{Heap after GC invocations=76 (full 0):
 garbage-first heap   total 350208K, used 132236K [0x0000000080000000, 0x0000000100000000)
  region size 1024K, 2 young (2048K), 2 survivors (2048K)
 Metaspace       used 94162K, capacity 96460K, committed 96880K, reserved 1132544K
  class space    used 12129K, capacity 12997K, committed 13132K, reserved 1048576K
}
Event: 88.400 GC heap before
{Heap before GC invocations=76 (full 0):
 garbage-first heap   total 350208K, used 196748K [0x0000000080000000, 0x0000000100000000)
  region size 1024K, 65 young (66560K), 2 survivors (2048K)
 Metaspace       used 94236K, capacity 96524K, committed 96880K, reserved 1132544K
  class space    used 12131K, capacity 12997K, committed 13132K, reserved 1048576K
}
Event: 88.419 GC heap after
{Heap after GC invocations=77 (full 0):
 garbage-first heap   total 350208K, used 143965K [0x0000000080000000, 0x0000000100000000)
  region size 1024K, 9 young (9216K), 9 survivors (9216K)
 Metaspace       used 94236K, capacity 96524K, committed 96880K, reserved 1132544K
  class space    used 12131K, capacity 12997K, committed 13132K, reserved 1048576K
}
Event: 89.018 GC heap before
{Heap before GC invocations=77 (full 0):
 garbage-first heap   total 350208K, used 210525K [0x0000000080000000, 0x0000000100000000)
  region size 1024K, 74 young (75776K), 9 survivors (9216K)
 Metaspace       used 95843K, capacity 98382K, committed 98544K, reserved 1134592K
  class space    used 12424K, capacity 13441K, committed 13516K, reserved 1048576K
}
Event: 89.038 GC heap after
{Heap after GC invocations=78 (full 0):
 garbage-first heap   total 350208K, used 154718K [0x0000000080000000, 0x0000000100000000)
  region size 1024K, 10 young (10240K), 10 survivors (10240K)
 Metaspace       used 95843K, capacity 98382K, committed 98544K, reserved 1134592K
  class space    used 12424K, capacity 13441K, committed 13516K, reserved 1048576K
}
Event: 89.125 GC heap before
{Heap before GC invocations=78 (full 0):
 garbage-first heap   total 350208K, used 223326K [0x0000000080000000, 0x0000000100000000)
  region size 1024K, 77 young (78848K), 10 survivors (10240K)
 Metaspace       used 95881K, capacity 98469K, committed 98544K, reserved 1134592K
  class space    used 12432K, capacity 13449K, committed 13516K, reserved 1048576K
}
Event: 89.147 GC heap after
{Heap after GC invocations=79 (full 0):
 garbage-first heap   total 350208K, used 166880K [0x0000000080000000, 0x0000000100000000)
  region size 1024K, 10 young (10240K), 10 survivors (10240K)
 Metaspace       used 95881K, capacity 98469K, committed 98544K, reserved 1134592K
  class space    used 12432K, capacity 13449K, committed 13516K, reserved 1048576K
}
Event: 90.557 GC heap before
{Heap before GC invocations=79 (full 0):
 garbage-first heap   total 350208K, used 234464K [0x0000000080000000, 0x0000000100000000)
  region size 1024K, 77 young (78848K), 10 survivors (10240K)
 Metaspace       used 99750K, capacity 102598K, committed 102640K, reserved 1138688K
  class space    used 13151K, capacity 14272K, committed 14284K, reserved 1048576K
}

