# JRE version: OpenJDK Runtime Environment (11.0.12+7) (build 11.0.12+7-b1504.28-7817840)
# Java VM: OpenJDK 64-Bit Server VM (11.0.12+7-b1504.28-7817840, mixed mode, tiered, compressed oops, g1 gc, windows-amd64)
Heap:
 garbage-first heap   total 782336K, used 231524K [0x0000000080000000, 0x0000000100000000)
  region size 1024K, 13 young (13312K), 13 survivors (13312K)
 Metaspace       used 122848K, capacity 126480K, committed 126896K, reserved 1159168K
  class space    used 15606K, capacity 17026K, committed 17152K, reserved 1048576K
GC Heap History (20 events):
Event: 396.269 GC heap after
{Heap after GC invocations=202 (full 0):
 garbage-first heap   total 269312K, used 194537K [0x0000000080000000, 0x0000000100000000)
  region size 1024K, 4 young (4096K), 4 survivors (4096K)
 Metaspace       used 114980K, capacity 118193K, committed 118704K, reserved 1153024K
  class space    used 14522K, capacity 15738K, committed 15872K, reserved 1048576K
}
Event: 396.405 GC heap before
{Heap before GC invocations=203 (full 0):
 garbage-first heap   total 269312K, used 218089K [0x0000000080000000, 0x0000000100000000)
  region size 1024K, 27 young (27648K), 4 survivors (4096K)
 Metaspace       used 115571K, capacity 118858K, committed 119088K, reserved 1153024K
  class space    used 14625K, capacity 15911K, committed 16000K, reserved 1048576K
}
Event: 396.423 GC heap after
{Heap after GC invocations=204 (full 0):
 garbage-first heap   total 492544K, used 198754K [0x0000000080000000, 0x0000000100000000)
  region size 1024K, 4 young (4096K), 4 survivors (4096K)
 Metaspace       used 115571K, capacity 118858K, committed 119088K, reserved 1153024K
  class space    used 14625K, capacity 15911K, committed 16000K, reserved 1048576K
}
Event: 396.949 GC heap before
{Heap before GC invocations=204 (full 0):
 garbage-first heap   total 492544K, used 288866K [0x0000000080000000, 0x0000000100000000)
  region size 1024K, 93 young (95232K), 4 survivors (4096K)
 Metaspace       used 116562K, capacity 119951K, committed 119984K, reserved 1153024K
  class space    used 14815K, capacity 16127K, committed 16128K, reserved 1048576K
}
Event: 396.969 GC heap after
{Heap after GC invocations=205 (full 0):
 garbage-first heap   total 492544K, used 213187K [0x0000000080000000, 0x0000000100000000)
  region size 1024K, 12 young (12288K), 12 survivors (12288K)
 Metaspace       used 116562K, capacity 119951K, committed 119984K, reserved 1153024K
  class space    used 14815K, capacity 16127K, committed 16128K, reserved 1048576K
}
Event: 398.888 GC heap before
{Heap before GC invocations=205 (full 0):
 garbage-first heap   total 492544K, used 309443K [0x0000000080000000, 0x0000000100000000)
  region size 1024K, 107 young (109568K), 12 survivors (12288K)
 Metaspace       used 120152K, capacity 123790K, committed 123952K, reserved 1157120K
  class space    used 15373K, capacity 16758K, committed 16768K, reserved 1048576K
}
Event: 398.924 GC heap after
{Heap after GC invocations=206 (full 0):
 garbage-first heap   total 492544K, used 220464K [0x0000000080000000, 0x0000000100000000)
  region size 1024K, 7 young (7168K), 7 survivors (7168K)
 Metaspace       used 120152K, capacity 123790K, committed 123952K, reserved 1157120K
  class space    used 15373K, capacity 16758K, committed 16768K, reserved 1048576K
}
Event: 400.273 GC heap before
{Heap before GC invocations=207 (full 0):
 garbage-first heap   total 492544K, used 324912K [0x0000000080000000, 0x0000000100000000)
  region size 1024K, 109 young (111616K), 7 survivors (7168K)
 Metaspace       used 121087K, capacity 124758K, committed 124848K, reserved 1157120K
  class space    used 15488K, capacity 16890K, committed 16896K, reserved 1048576K
}
Event: 400.289 GC heap after
{Heap after GC invocations=208 (full 0):
 garbage-first heap   total 492544K, used 222004K [0x0000000080000000, 0x0000000100000000)
  region size 1024K, 8 young (8192K), 8 survivors (8192K)
 Metaspace       used 121087K, capacity 124758K, committed 124848K, reserved 1157120K
  class space    used 15488K, capacity 16890K, committed 16896K, reserved 1048576K
}
Event: 401.090 GC heap before
{Heap before GC invocations=208 (full 0):
 garbage-first heap   total 492544K, used 358196K [0x0000000080000000, 0x0000000100000000)
  region size 1024K, 142 young (145408K), 8 survivors (8192K)
 Metaspace       used 121986K, capacity 125756K, committed 125872K, reserved 1159168K
  class space    used 15633K, capacity 17096K, committed 17152K, reserved 1048576K
}
Event: 401.103 GC heap after
{Heap after GC invocations=209 (full 0):
 garbage-first heap   total 492544K, used 224238K [0x0000000080000000, 0x0000000100000000)
  region size 1024K, 11 young (11264K), 11 survivors (11264K)
 Metaspace       used 121986K, capacity 125756K, committed 125872K, reserved 1159168K
  class space    used 15633K, capacity 17096K, committed 17152K, reserved 1048576K
}
Event: 401.782 GC heap before
{Heap before GC invocations=210 (full 0):
 garbage-first heap   total 492544K, used 365550K [0x0000000080000000, 0x0000000100000000)
  region size 1024K, 149 young (152576K), 11 survivors (11264K)
 Metaspace       used 122390K, capacity 126104K, committed 126384K, reserved 1159168K
  class space    used 15595K, capacity 17018K, committed 17152K, reserved 1048576K
}
Event: 401.795 GC heap after
{Heap after GC invocations=211 (full 0):
 garbage-first heap   total 492544K, used 223676K [0x0000000080000000, 0x0000000100000000)
  region size 1024K, 10 young (10240K), 10 survivors (10240K)
 Metaspace       used 122390K, capacity 126104K, committed 126384K, reserved 1159168K
  class space    used 15595K, capacity 17018K, committed 17152K, reserved 1048576K
}
Event: 402.173 GC heap before
{Heap before GC invocations=211 (full 0):
 garbage-first heap   total 492544K, used 391612K [0x0000000080000000, 0x0000000100000000)
  region size 1024K, 174 young (178176K), 10 survivors (10240K)
 Metaspace       used 122632K, capacity 126311K, committed 126640K, reserved 1159168K
  class space    used 15595K, capacity 17018K, committed 17152K, reserved 1048576K
}
Event: 402.189 GC heap after
{Heap after GC invocations=212 (full 0):
 garbage-first heap   total 492544K, used 224938K [0x0000000080000000, 0x0000000100000000)
  region size 1024K, 11 young (11264K), 11 survivors (11264K)
 Metaspace       used 122632K, capacity 126311K, committed 126640K, reserved 1159168K
  class space    used 15595K, capacity 17018K, committed 17152K, reserved 1048576K
}
Event: 402.750 GC heap before
{Heap before GC invocations=213 (full 0):
 garbage-first heap   total 492544K, used 401066K [0x0000000080000000, 0x0000000100000000)
  region size 1024K, 184 young (188416K), 11 survivors (11264K)
 Metaspace       used 122744K, capacity 126398K, committed 126640K, reserved 1159168K
  class space    used 15597K, capacity 17021K, committed 17152K, reserved 1048576K
}
Event: 402.766 GC heap after
{Heap after GC invocations=214 (full 0):
 garbage-first heap   total 492544K, used 226052K [0x0000000080000000, 0x0000000100000000)
  region size 1024K, 12 young (12288K), 12 survivors (12288K)
 Metaspace       used 122744K, capacity 126398K, committed 126640K, reserved 1159168K
  class space    used 15597K, capacity 17021K, committed 17152K, reserved 1048576K
}
Event: 403.141 GC heap before
{Heap before GC invocations=214 (full 0):
 garbage-first heap   total 492544K, used 409348K [0x0000000080000000, 0x0000000100000000)
  region size 1024K, 191 young (195584K), 12 survivors (12288K)
 Metaspace       used 122824K, capacity 126478K, committed 126896K, reserved 1159168K
  class space    used 15606K, capacity 17026K, committed 17152K, reserved 1048576K
}
Event: 403.182 GC heap after
{Heap after GC invocations=215 (full 0):
 garbage-first heap   total 492544K, used 230462K [0x0000000080000000, 0x0000000100000000)
  region size 1024K, 17 young (17408K), 17 survivors (17408K)
 Metaspace       used 122824K, capacity 126478K, committed 126896K, reserved 1159168K
  class space    used 15606K, capacity 17026K, committed 17152K, reserved 1048576K
}
Event: 403.690 GC heap before
{Heap before GC invocations=216 (full 0):
 garbage-first heap   total 492544K, used 410686K [0x0000000080000000, 0x0000000100000000)
  region size 1024K, 194 young (198656K), 17 survivors (17408K)
 Metaspace       used 122848K, capacity 126480K, committed 126896K, reserved 1159168K
  class space    used 15606K, capacity 17026K, committed 17152K, reserved 1048576K
}

