# JRE version: OpenJDK Runtime Environment (11.0.12+7) (build 11.0.12+7-b1504.28-7817840)
# Java VM: OpenJDK 64-Bit Server VM (11.0.12+7-b1504.28-7817840, mixed mode, tiered, compressed oops, g1 gc, windows-amd64)
Heap:
 garbage-first heap   total 433152K, used 213223K [0x0000000080000000, 0x0000000100000000)
  region size 1024K, 2 young (2048K), 2 survivors (2048K)
 Metaspace       used 131986K, capacity 135757K, committed 135856K, reserved 1167360K
  class space    used 16504K, capacity 17908K, committed 17920K, reserved 1048576K
GC Heap History (20 events):
Event: 694.462 GC heap after
{Heap after GC invocations=353 (full 0):
 garbage-first heap   total 215040K, used 193302K [0x0000000080000000, 0x0000000100000000)
  region size 1024K, 2 young (2048K), 2 survivors (2048K)
 Metaspace       used 131149K, capacity 134916K, committed 135088K, reserved 1167360K
  class space    used 16399K, capacity 17801K, committed 17920K, reserved 1048576K
}
Event: 694.510 GC heap before
{Heap before GC invocations=353 (full 0):
 garbage-first heap   total 215040K, used 201494K [0x0000000080000000, 0x0000000100000000)
  region size 1024K, 10 young (10240K), 2 survivors (2048K)
 Metaspace       used 131169K, capacity 134919K, committed 135088K, reserved 1167360K
  class space    used 16402K, capacity 17802K, committed 17920K, reserved 1048576K
}
Event: 694.515 GC heap after
{Heap after GC invocations=354 (full 0):
 garbage-first heap   total 215040K, used 195270K [0x0000000080000000, 0x0000000100000000)
  region size 1024K, 2 young (2048K), 2 survivors (2048K)
 Metaspace       used 131169K, capacity 134919K, committed 135088K, reserved 1167360K
  class space    used 16402K, capacity 17802K, committed 17920K, reserved 1048576K
}
Event: 694.585 GC heap before
{Heap before GC invocations=354 (full 0):
 garbage-first heap   total 215040K, used 203462K [0x0000000080000000, 0x0000000100000000)
  region size 1024K, 10 young (10240K), 2 survivors (2048K)
 Metaspace       used 131247K, capacity 134998K, committed 135344K, reserved 1167360K
  class space    used 16415K, capacity 17807K, committed 17920K, reserved 1048576K
}
Event: 694.591 GC heap after
{Heap after GC invocations=355 (full 0):
 garbage-first heap   total 215040K, used 197256K [0x0000000080000000, 0x0000000100000000)
  region size 1024K, 2 young (2048K), 2 survivors (2048K)
 Metaspace       used 131247K, capacity 134998K, committed 135344K, reserved 1167360K
  class space    used 16415K, capacity 17807K, committed 17920K, reserved 1048576K
}
Event: 695.067 GC heap before
{Heap before GC invocations=356 (full 0):
 garbage-first heap   total 215040K, used 205448K [0x0000000080000000, 0x0000000100000000)
  region size 1024K, 10 young (10240K), 2 survivors (2048K)
 Metaspace       used 131627K, capacity 135398K, committed 135600K, reserved 1167360K
  class space    used 16467K, capacity 17876K, committed 17920K, reserved 1048576K
}
Event: 695.073 GC heap after
{Heap after GC invocations=357 (full 0):
 garbage-first heap   total 215040K, used 198789K [0x0000000080000000, 0x0000000100000000)
  region size 1024K, 2 young (2048K), 2 survivors (2048K)
 Metaspace       used 131627K, capacity 135398K, committed 135600K, reserved 1167360K
  class space    used 16467K, capacity 17876K, committed 17920K, reserved 1048576K
}
Event: 695.097 GC heap before
{Heap before GC invocations=357 (full 0):
 garbage-first heap   total 215040K, used 206981K [0x0000000080000000, 0x0000000100000000)
  region size 1024K, 10 young (10240K), 2 survivors (2048K)
 Metaspace       used 131689K, capacity 135464K, committed 135600K, reserved 1167360K
  class space    used 16471K, capacity 17876K, committed 17920K, reserved 1048576K
}
Event: 695.103 GC heap after
{Heap after GC invocations=358 (full 0):
 garbage-first heap   total 215040K, used 200159K [0x0000000080000000, 0x0000000100000000)
  region size 1024K, 2 young (2048K), 2 survivors (2048K)
 Metaspace       used 131689K, capacity 135464K, committed 135600K, reserved 1167360K
  class space    used 16471K, capacity 17876K, committed 17920K, reserved 1048576K
}
Event: 695.122 GC heap before
{Heap before GC invocations=358 (full 0):
 garbage-first heap   total 215040K, used 208351K [0x0000000080000000, 0x0000000100000000)
  region size 1024K, 10 young (10240K), 2 survivors (2048K)
 Metaspace       used 131705K, capacity 135464K, committed 135600K, reserved 1167360K
  class space    used 16472K, capacity 17876K, committed 17920K, reserved 1048576K
}
Event: 695.127 GC heap after
{Heap after GC invocations=359 (full 0):
 garbage-first heap   total 215040K, used 201829K [0x0000000080000000, 0x0000000100000000)
  region size 1024K, 2 young (2048K), 2 survivors (2048K)
 Metaspace       used 131705K, capacity 135464K, committed 135600K, reserved 1167360K
  class space    used 16472K, capacity 17876K, committed 17920K, reserved 1048576K
}
Event: 695.145 GC heap before
{Heap before GC invocations=359 (full 0):
 garbage-first heap   total 215040K, used 210021K [0x0000000080000000, 0x0000000100000000)
  region size 1024K, 10 young (10240K), 2 survivors (2048K)
 Metaspace       used 131741K, capacity 135468K, committed 135600K, reserved 1167360K
  class space    used 16473K, capacity 17876K, committed 17920K, reserved 1048576K
}
Event: 695.151 GC heap after
{Heap after GC invocations=360 (full 0):
 garbage-first heap   total 259072K, used 203470K [0x0000000080000000, 0x0000000100000000)
  region size 1024K, 2 young (2048K), 2 survivors (2048K)
 Metaspace       used 131741K, capacity 135468K, committed 135600K, reserved 1167360K
  class space    used 16473K, capacity 17876K, committed 17920K, reserved 1048576K
}
Event: 695.189 GC heap before
{Heap before GC invocations=360 (full 0):
 garbage-first heap   total 259072K, used 216782K [0x0000000080000000, 0x0000000100000000)
  region size 1024K, 15 young (15360K), 2 survivors (2048K)
 Metaspace       used 131782K, capacity 135533K, committed 135600K, reserved 1167360K
  class space    used 16475K, capacity 17876K, committed 17920K, reserved 1048576K
}
Event: 695.195 GC heap after
{Heap after GC invocations=361 (full 0):
 garbage-first heap   total 259072K, used 206058K [0x0000000080000000, 0x0000000100000000)
  region size 1024K, 2 young (2048K), 2 survivors (2048K)
 Metaspace       used 131782K, capacity 135533K, committed 135600K, reserved 1167360K
  class space    used 16475K, capacity 17876K, committed 17920K, reserved 1048576K
}
Event: 695.245 GC heap before
{Heap before GC invocations=361 (full 0):
 garbage-first heap   total 259072K, used 219370K [0x0000000080000000, 0x0000000100000000)
  region size 1024K, 15 young (15360K), 2 survivors (2048K)
 Metaspace       used 131864K, capacity 135597K, committed 135856K, reserved 1167360K
  class space    used 16481K, capacity 17876K, committed 17920K, reserved 1048576K
}
Event: 695.252 GC heap after
{Heap after GC invocations=362 (full 0):
 garbage-first heap   total 259072K, used 208546K [0x0000000080000000, 0x0000000100000000)
  region size 1024K, 2 young (2048K), 2 survivors (2048K)
 Metaspace       used 131864K, capacity 135597K, committed 135856K, reserved 1167360K
  class space    used 16481K, capacity 17876K, committed 17920K, reserved 1048576K
}
Event: 695.284 GC heap before
{Heap before GC invocations=362 (full 0):
 garbage-first heap   total 259072K, used 220834K [0x0000000080000000, 0x0000000100000000)
  region size 1024K, 14 young (14336K), 2 survivors (2048K)
 Metaspace       used 131879K, capacity 135597K, committed 135856K, reserved 1167360K
  class space    used 16486K, capacity 17876K, committed 17920K, reserved 1048576K
}
Event: 695.289 GC heap after
{Heap after GC invocations=363 (full 0):
 garbage-first heap   total 259072K, used 211055K [0x0000000080000000, 0x0000000100000000)
  region size 1024K, 2 young (2048K), 2 survivors (2048K)
 Metaspace       used 131879K, capacity 135597K, committed 135856K, reserved 1167360K
  class space    used 16486K, capacity 17876K, committed 17920K, reserved 1048576K
}
Event: 695.341 GC heap before
{Heap before GC invocations=363 (full 0):
 garbage-first heap   total 259072K, used 222319K [0x0000000080000000, 0x0000000100000000)
  region size 1024K, 13 young (13312K), 2 survivors (2048K)
 Metaspace       used 131986K, capacity 135757K, committed 135856K, reserved 1167360K
  class space    used 16504K, capacity 17908K, committed 17920K, reserved 1048576K
}

