# JRE version: OpenJDK Runtime Environment (11.0.11+9) (build 11.0.11+9-b60-7590822)
# Java VM: OpenJDK 64-Bit Server VM (11.0.11+9-b60-7590822, mixed mode, tiered, compressed oops, g1 gc, windows-amd64)
Heap:
 garbage-first heap   total 642048K, used 299964K [0x0000000080000000, 0x0000000100000000)
  region size 1024K, 5 young (5120K), 5 survivors (5120K)
 Metaspace       used 165584K, capacity 172383K, committed 172592K, reserved 1200128K
  class space    used 20390K, capacity 22816K, committed 22912K, reserved 1048576K
GC Heap History (20 events):
Event: 3628.842 GC heap after
{Heap after GC invocations=344 (full 0):
 garbage-first heap   total 273408K, used 184629K [0x0000000080000000, 0x0000000100000000)
  region size 1024K, 1 young (1024K), 1 survivors (1024K)
 Metaspace       used 164899K, capacity 171724K, committed 172080K, reserved 1198080K
  class space    used 20382K, capacity 22803K, committed 22912K, reserved 1048576K
}
Event: 3628.985 GC heap before
{Heap before GC invocations=344 (full 0):
 garbage-first heap   total 273408K, used 236853K [0x0000000080000000, 0x0000000100000000)
  region size 1024K, 52 young (53248K), 1 survivors (1024K)
 Metaspace       used 165082K, capacity 171944K, committed 172080K, reserved 1198080K
  class space    used 20385K, capacity 22807K, committed 22912K, reserved 1048576K
}
Event: 3628.988 GC heap after
{Heap after GC invocations=345 (full 0):
 garbage-first heap   total 273408K, used 185261K [0x0000000080000000, 0x0000000100000000)
  region size 1024K, 2 young (2048K), 2 survivors (2048K)
 Metaspace       used 165082K, capacity 171944K, committed 172080K, reserved 1198080K
  class space    used 20385K, capacity 22807K, committed 22912K, reserved 1048576K
}
Event: 3629.222 GC heap before
{Heap before GC invocations=346 (full 0):
 garbage-first heap   total 273408K, used 236461K [0x0000000080000000, 0x0000000100000000)
  region size 1024K, 53 young (54272K), 2 survivors (2048K)
 Metaspace       used 165237K, capacity 172097K, committed 172336K, reserved 1198080K
  class space    used 20388K, capacity 22812K, committed 22912K, reserved 1048576K
}
Event: 3629.225 GC heap after
{Heap after GC invocations=347 (full 0):
 garbage-first heap   total 273408K, used 184784K [0x0000000080000000, 0x0000000100000000)
  region size 1024K, 2 young (2048K), 2 survivors (2048K)
 Metaspace       used 165237K, capacity 172097K, committed 172336K, reserved 1198080K
  class space    used 20388K, capacity 22812K, committed 22912K, reserved 1048576K
}
Event: 3629.268 GC heap before
{Heap before GC invocations=347 (full 0):
 garbage-first heap   total 273408K, used 196048K [0x0000000080000000, 0x0000000100000000)
  region size 1024K, 13 young (13312K), 2 survivors (2048K)
 Metaspace       used 165266K, capacity 172102K, committed 172336K, reserved 1198080K
  class space    used 20388K, capacity 22812K, committed 22912K, reserved 1048576K
}
Event: 3629.277 GC heap after
{Heap after GC invocations=348 (full 0):
 garbage-first heap   total 350208K, used 182829K [0x0000000080000000, 0x0000000100000000)
  region size 1024K, 2 young (2048K), 2 survivors (2048K)
 Metaspace       used 165266K, capacity 172102K, committed 172336K, reserved 1198080K
  class space    used 20388K, capacity 22812K, committed 22912K, reserved 1048576K
}
Event: 3630.007 GC heap before
{Heap before GC invocations=348 (full 0):
 garbage-first heap   total 350208K, used 282157K [0x0000000080000000, 0x0000000100000000)
  region size 1024K, 99 young (101376K), 2 survivors (2048K)
 Metaspace       used 165338K, capacity 172167K, committed 172336K, reserved 1198080K
  class space    used 20388K, capacity 22812K, committed 22912K, reserved 1048576K
}
Event: 3630.020 GC heap after
{Heap after GC invocations=349 (full 0):
 garbage-first heap   total 350208K, used 183838K [0x0000000080000000, 0x0000000100000000)
  region size 1024K, 3 young (3072K), 3 survivors (3072K)
 Metaspace       used 165338K, capacity 172167K, committed 172336K, reserved 1198080K
  class space    used 20388K, capacity 22812K, committed 22912K, reserved 1048576K
}
Event: 3630.934 GC heap before
{Heap before GC invocations=350 (full 0):
 garbage-first heap   total 350208K, used 301598K [0x0000000080000000, 0x0000000100000000)
  region size 1024K, 118 young (120832K), 3 survivors (3072K)
 Metaspace       used 165387K, capacity 172244K, committed 172592K, reserved 1200128K
  class space    used 20390K, capacity 22816K, committed 22912K, reserved 1048576K
}
Event: 3630.940 GC heap after
{Heap after GC invocations=351 (full 0):
 garbage-first heap   total 350208K, used 184977K [0x0000000080000000, 0x0000000100000000)
  region size 1024K, 4 young (4096K), 4 survivors (4096K)
 Metaspace       used 165387K, capacity 172244K, committed 172592K, reserved 1200128K
  class space    used 20390K, capacity 22816K, committed 22912K, reserved 1048576K
}
Event: 3631.251 GC heap before
{Heap before GC invocations=351 (full 0):
 garbage-first heap   total 350208K, used 268945K [0x0000000080000000, 0x0000000100000000)
  region size 1024K, 87 young (89088K), 4 survivors (4096K)
 Metaspace       used 165436K, capacity 172245K, committed 172592K, reserved 1200128K
  class space    used 20390K, capacity 22816K, committed 22912K, reserved 1048576K
}
Event: 3631.256 GC heap after
{Heap after GC invocations=352 (full 0):
 garbage-first heap   total 350208K, used 187005K [0x0000000080000000, 0x0000000100000000)
  region size 1024K, 6 young (6144K), 6 survivors (6144K)
 Metaspace       used 165436K, capacity 172245K, committed 172592K, reserved 1200128K
  class space    used 20390K, capacity 22816K, committed 22912K, reserved 1048576K
}
Event: 3636.168 GC heap before
{Heap before GC invocations=353 (full 0):
 garbage-first heap   total 350208K, used 326269K [0x0000000080000000, 0x0000000100000000)
  region size 1024K, 119 young (121856K), 6 survivors (6144K)
 Metaspace       used 165536K, capacity 172317K, committed 172592K, reserved 1200128K
  class space    used 20390K, capacity 22816K, committed 22912K, reserved 1048576K
}
Event: 3636.291 GC heap after
{Heap after GC invocations=354 (full 0):
 garbage-first heap   total 380928K, used 250100K [0x0000000080000000, 0x0000000100000000)
  region size 1024K, 15 young (15360K), 15 survivors (15360K)
 Metaspace       used 165536K, capacity 172317K, committed 172592K, reserved 1200128K
  class space    used 20390K, capacity 22816K, committed 22912K, reserved 1048576K
}
Event: 3636.297 GC heap before
{Heap before GC invocations=354 (full 0):
 garbage-first heap   total 380928K, used 253172K [0x0000000080000000, 0x0000000100000000)
  region size 1024K, 18 young (18432K), 15 survivors (15360K)
 Metaspace       used 165540K, capacity 172317K, committed 172592K, reserved 1200128K
  class space    used 20390K, capacity 22816K, committed 22912K, reserved 1048576K
}
Event: 3636.319 GC heap after
{Heap after GC invocations=355 (full 0):
 garbage-first heap   total 380928K, used 253532K [0x0000000080000000, 0x0000000100000000)
  region size 1024K, 3 young (3072K), 3 survivors (3072K)
 Metaspace       used 165540K, capacity 172317K, committed 172592K, reserved 1200128K
  class space    used 20390K, capacity 22816K, committed 22912K, reserved 1048576K
}
Event: 3636.432 GC heap before
{Heap before GC invocations=355 (full 0):
 garbage-first heap   total 380928K, used 310876K [0x0000000080000000, 0x0000000100000000)
  region size 1024K, 59 young (60416K), 3 survivors (3072K)
 Metaspace       used 165572K, capacity 172383K, committed 172592K, reserved 1200128K
  class space    used 20390K, capacity 22816K, committed 22912K, reserved 1048576K
}
Event: 3636.463 GC heap after
{Heap after GC invocations=356 (full 0):
 garbage-first heap   total 380928K, used 281907K [0x0000000080000000, 0x0000000100000000)
  region size 1024K, 8 young (8192K), 8 survivors (8192K)
 Metaspace       used 165572K, capacity 172383K, committed 172592K, reserved 1200128K
  class space    used 20390K, capacity 22816K, committed 22912K, reserved 1048576K
}
Event: 3636.544 GC heap before
{Heap before GC invocations=356 (full 0):
 garbage-first heap   total 380928K, used 314675K [0x0000000080000000, 0x0000000100000000)
  region size 1024K, 40 young (40960K), 8 survivors (8192K)
 Metaspace       used 165584K, capacity 172383K, committed 172592K, reserved 1200128K
  class space    used 20390K, capacity 22816K, committed 22912K, reserved 1048576K
}

