# JRE version: OpenJDK Runtime Environment (11.0.11+9) (build 11.0.11+9-b60-7590822)
# Java VM: OpenJDK 64-Bit Server VM (11.0.11+9-b60-7590822, mixed mode, tiered, compressed oops, g1 gc, windows-amd64)
Heap:
 garbage-first heap   total 131072K, used 85640K [0x0000000080000000, 0x0000000100000000)
  region size 1024K, 52 young (53248K), 9 survivors (9216K)
 Metaspace       used 55029K, capacity 56487K, committed 56656K, reserved 1097728K
  class space    used 6993K, capacity 7504K, committed 7552K, reserved 1048576K
GC Heap History (16 events):
Event: 4.026 GC heap before
{Heap before GC invocations=0 (full 0):
 garbage-first heap   total 131072K, used 29696K [0x0000000080000000, 0x0000000100000000)
  region size 1024K, 24 young (24576K), 0 survivors (0K)
 Metaspace       used 10195K, capacity 10397K, committed 10624K, reserved 1058816K
  class space    used 1060K, capacity 1108K, committed 1152K, reserved 1048576K
}
Event: 4.030 GC heap after
{Heap after GC invocations=1 (full 0):
 garbage-first heap   total 131072K, used 9392K [0x0000000080000000, 0x0000000100000000)
  region size 1024K, 3 young (3072K), 3 survivors (3072K)
 Metaspace       used 10195K, capacity 10397K, committed 10624K, reserved 1058816K
  class space    used 1060K, capacity 1108K, committed 1152K, reserved 1048576K
}
Event: 16.223 GC heap before
{Heap before GC invocations=1 (full 0):
 garbage-first heap   total 131072K, used 84144K [0x0000000080000000, 0x0000000100000000)
  region size 1024K, 76 young (77824K), 3 survivors (3072K)
 Metaspace       used 17417K, capacity 17740K, committed 17792K, reserved 1064960K
  class space    used 2040K, capacity 2155K, committed 2176K, reserved 1048576K
}
Event: 16.230 GC heap after
{Heap after GC invocations=2 (full 0):
 garbage-first heap   total 131072K, used 15950K [0x0000000080000000, 0x0000000100000000)
  region size 1024K, 10 young (10240K), 10 survivors (10240K)
 Metaspace       used 17417K, capacity 17740K, committed 17792K, reserved 1064960K
  class space    used 2040K, capacity 2155K, committed 2176K, reserved 1048576K
}
Event: 17.313 GC heap before
{Heap before GC invocations=2 (full 0):
 garbage-first heap   total 131072K, used 45646K [0x0000000080000000, 0x0000000100000000)
  region size 1024K, 40 young (40960K), 10 survivors (10240K)
 Metaspace       used 20676K, capacity 21108K, committed 21296K, reserved 1069056K
  class space    used 2534K, capacity 2660K, committed 2688K, reserved 1048576K
}
Event: 17.320 GC heap after
{Heap after GC invocations=3 (full 0):
 garbage-first heap   total 131072K, used 17110K [0x0000000080000000, 0x0000000100000000)
  region size 1024K, 2 young (2048K), 2 survivors (2048K)
 Metaspace       used 20676K, capacity 21108K, committed 21296K, reserved 1069056K
  class space    used 2534K, capacity 2660K, committed 2688K, reserved 1048576K
}
Event: 19.009 GC heap before
{Heap before GC invocations=4 (full 0):
 garbage-first heap   total 131072K, used 81622K [0x0000000080000000, 0x0000000100000000)
  region size 1024K, 65 young (66560K), 2 survivors (2048K)
 Metaspace       used 26715K, capacity 27312K, committed 27648K, reserved 1073152K
  class space    used 3516K, capacity 3737K, committed 3840K, reserved 1048576K
}
Event: 19.013 GC heap after
{Heap after GC invocations=5 (full 0):
 garbage-first heap   total 131072K, used 19088K [0x0000000080000000, 0x0000000100000000)
  region size 1024K, 4 young (4096K), 4 survivors (4096K)
 Metaspace       used 26715K, capacity 27312K, committed 27648K, reserved 1073152K
  class space    used 3516K, capacity 3737K, committed 3840K, reserved 1048576K
}
Event: 24.437 GC heap before
{Heap before GC invocations=5 (full 0):
 garbage-first heap   total 131072K, used 68240K [0x0000000080000000, 0x0000000100000000)
  region size 1024K, 53 young (54272K), 4 survivors (4096K)
 Metaspace       used 35099K, capacity 35918K, committed 36048K, reserved 1081344K
  class space    used 4560K, capacity 4863K, committed 4864K, reserved 1048576K
}
Event: 24.447 GC heap after
{Heap after GC invocations=6 (full 0):
 garbage-first heap   total 131072K, used 22383K [0x0000000080000000, 0x0000000100000000)
  region size 1024K, 7 young (7168K), 7 survivors (7168K)
 Metaspace       used 35099K, capacity 35918K, committed 36048K, reserved 1081344K
  class space    used 4560K, capacity 4863K, committed 4864K, reserved 1048576K
}
Event: 28.260 GC heap before
{Heap before GC invocations=7 (full 0):
 garbage-first heap   total 131072K, used 94063K [0x0000000080000000, 0x0000000100000000)
  region size 1024K, 75 young (76800K), 7 survivors (7168K)
 Metaspace       used 40311K, capacity 41247K, committed 41296K, reserved 1085440K
  class space    used 5157K, capacity 5504K, committed 5504K, reserved 1048576K
}
Event: 28.269 GC heap after
{Heap after GC invocations=8 (full 0):
 garbage-first heap   total 131072K, used 28122K [0x0000000080000000, 0x0000000100000000)
  region size 1024K, 9 young (9216K), 9 survivors (9216K)
 Metaspace       used 40311K, capacity 41247K, committed 41296K, reserved 1085440K
  class space    used 5157K, capacity 5504K, committed 5504K, reserved 1048576K
}
Event: 31.277 GC heap before
{Heap before GC invocations=8 (full 0):
 garbage-first heap   total 131072K, used 96730K [0x0000000080000000, 0x0000000100000000)
  region size 1024K, 75 young (76800K), 9 survivors (9216K)
 Metaspace       used 46016K, capacity 47199K, committed 47312K, reserved 1089536K
  class space    used 5912K, capacity 6371K, committed 6400K, reserved 1048576K
}
Event: 31.285 GC heap after
{Heap after GC invocations=9 (full 0):
 garbage-first heap   total 131072K, used 30154K [0x0000000080000000, 0x0000000100000000)
  region size 1024K, 3 young (3072K), 3 survivors (3072K)
 Metaspace       used 46016K, capacity 47199K, committed 47312K, reserved 1089536K
  class space    used 5912K, capacity 6371K, committed 6400K, reserved 1048576K
}
Event: 70.242 GC heap before
{Heap before GC invocations=9 (full 0):
 garbage-first heap   total 131072K, used 101834K [0x0000000080000000, 0x0000000100000000)
  region size 1024K, 70 young (71680K), 3 survivors (3072K)
 Metaspace       used 48899K, capacity 50355K, committed 50512K, reserved 1093632K
  class space    used 6256K, capacity 6761K, committed 6784K, reserved 1048576K
}
Event: 70.249 GC heap after
{Heap after GC invocations=10 (full 0):
 garbage-first heap   total 131072K, used 42632K [0x0000000080000000, 0x0000000100000000)
  region size 1024K, 9 young (9216K), 9 survivors (9216K)
 Metaspace       used 48899K, capacity 50355K, committed 50512K, reserved 1093632K
  class space    used 6256K, capacity 6761K, committed 6784K, reserved 1048576K
}

