# JRE version: OpenJDK Runtime Environment (11.0.11+9) (build 11.0.11+9-b60-7590822)
# Java VM: OpenJDK 64-Bit Server VM (11.0.11+9-b60-7590822, mixed mode, tiered, compressed oops, g1 gc, windows-amd64)
Heap:
 garbage-first heap   total 955392K, used 225681K [0x0000000080000000, 0x0000000100000000)
  region size 1024K, 4 young (4096K), 4 survivors (4096K)
 Metaspace       used 96924K, capacity 99461K, committed 99580K, reserved 1134592K
  class space    used 12693K, capacity 13622K, committed 13696K, reserved 1048576K
GC Heap History (20 events):
Event: 168.466 GC heap after
{Heap after GC invocations=65 (full 0):
 garbage-first heap   total 143360K, used 136977K [0x0000000080000000, 0x0000000100000000)
  region size 1024K, 1 young (1024K), 1 survivors (1024K)
 Metaspace       used 92285K, capacity 94583K, committed 94844K, reserved 1132544K
  class space    used 11884K, capacity 12745K, committed 12800K, reserved 1048576K
}
Event: 168.578 GC heap before
{Heap before GC invocations=65 (full 0):
 garbage-first heap   total 143360K, used 142097K [0x0000000080000000, 0x0000000100000000)
  region size 1024K, 7 young (7168K), 1 survivors (1024K)
 Metaspace       used 92288K, capacity 94583K, committed 94844K, reserved 1132544K
  class space    used 11884K, capacity 12745K, committed 12800K, reserved 1048576K
}
Event: 168.590 GC heap after
{Heap after GC invocations=66 (full 0):
 garbage-first heap   total 147456K, used 139419K [0x0000000080000000, 0x0000000100000000)
  region size 1024K, 1 young (1024K), 1 survivors (1024K)
 Metaspace       used 92288K, capacity 94583K, committed 94844K, reserved 1132544K
  class space    used 11884K, capacity 12745K, committed 12800K, reserved 1048576K
}
Event: 168.675 GC heap before
{Heap before GC invocations=66 (full 0):
 garbage-first heap   total 147456K, used 145563K [0x0000000080000000, 0x0000000100000000)
  region size 1024K, 7 young (7168K), 1 survivors (1024K)
 Metaspace       used 92289K, capacity 94583K, committed 94844K, reserved 1132544K
  class space    used 11884K, capacity 12745K, committed 12800K, reserved 1048576K
}
Event: 168.691 GC heap after
{Heap after GC invocations=67 (full 0):
 garbage-first heap   total 185344K, used 142318K [0x0000000080000000, 0x0000000100000000)
  region size 1024K, 1 young (1024K), 1 survivors (1024K)
 Metaspace       used 92289K, capacity 94583K, committed 94844K, reserved 1132544K
  class space    used 11884K, capacity 12745K, committed 12800K, reserved 1048576K
}
Event: 168.945 GC heap before
{Heap before GC invocations=68 (full 0):
 garbage-first heap   total 185344K, used 150510K [0x0000000080000000, 0x0000000100000000)
  region size 1024K, 10 young (10240K), 1 survivors (1024K)
 Metaspace       used 92289K, capacity 94583K, committed 94844K, reserved 1132544K
  class space    used 11884K, capacity 12745K, committed 12800K, reserved 1048576K
}
Event: 168.959 GC heap after
{Heap after GC invocations=69 (full 0):
 garbage-first heap   total 185344K, used 146163K [0x0000000080000000, 0x0000000100000000)
  region size 1024K, 2 young (2048K), 2 survivors (2048K)
 Metaspace       used 92289K, capacity 94583K, committed 94844K, reserved 1132544K
  class space    used 11884K, capacity 12745K, committed 12800K, reserved 1048576K
}
Event: 169.047 GC heap before
{Heap before GC invocations=69 (full 0):
 garbage-first heap   total 185344K, used 152307K [0x0000000080000000, 0x0000000100000000)
  region size 1024K, 10 young (10240K), 2 survivors (2048K)
 Metaspace       used 92295K, capacity 94583K, committed 94844K, reserved 1132544K
  class space    used 11884K, capacity 12745K, committed 12800K, reserved 1048576K
}
Event: 169.061 GC heap after
{Heap after GC invocations=70 (full 0):
 garbage-first heap   total 185344K, used 149032K [0x0000000080000000, 0x0000000100000000)
  region size 1024K, 2 young (2048K), 2 survivors (2048K)
 Metaspace       used 92295K, capacity 94583K, committed 94844K, reserved 1132544K
  class space    used 11884K, capacity 12745K, committed 12800K, reserved 1048576K
}
Event: 169.160 GC heap before
{Heap before GC invocations=70 (full 0):
 garbage-first heap   total 185344K, used 158248K [0x0000000080000000, 0x0000000100000000)
  region size 1024K, 9 young (9216K), 2 survivors (2048K)
 Metaspace       used 92295K, capacity 94583K, committed 94844K, reserved 1132544K
  class space    used 11884K, capacity 12745K, committed 12800K, reserved 1048576K
}
Event: 169.173 GC heap after
{Heap after GC invocations=71 (full 0):
 garbage-first heap   total 185344K, used 154564K [0x0000000080000000, 0x0000000100000000)
  region size 1024K, 2 young (2048K), 2 survivors (2048K)
 Metaspace       used 92295K, capacity 94583K, committed 94844K, reserved 1132544K
  class space    used 11884K, capacity 12745K, committed 12800K, reserved 1048576K
}
Event: 169.306 GC heap before
{Heap before GC invocations=71 (full 0):
 garbage-first heap   total 185344K, used 161732K [0x0000000080000000, 0x0000000100000000)
  region size 1024K, 9 young (9216K), 2 survivors (2048K)
 Metaspace       used 92295K, capacity 94583K, committed 94844K, reserved 1132544K
  class space    used 11884K, capacity 12745K, committed 12800K, reserved 1048576K
}
Event: 169.335 GC heap after
{Heap after GC invocations=72 (full 0):
 garbage-first heap   total 370688K, used 157086K [0x0000000080000000, 0x0000000100000000)
  region size 1024K, 2 young (2048K), 2 survivors (2048K)
 Metaspace       used 92295K, capacity 94583K, committed 94844K, reserved 1132544K
  class space    used 11884K, capacity 12745K, committed 12800K, reserved 1048576K
}
Event: 170.757 GC heap before
{Heap before GC invocations=73 (full 0):
 garbage-first heap   total 370688K, used 214430K [0x0000000080000000, 0x0000000100000000)
  region size 1024K, 58 young (59392K), 2 survivors (2048K)
 Metaspace       used 94619K, capacity 97026K, committed 97148K, reserved 1132544K
  class space    used 12373K, capacity 13266K, committed 13312K, reserved 1048576K
}
Event: 170.883 GC heap after
{Heap after GC invocations=74 (full 0):
 garbage-first heap   total 370688K, used 181084K [0x0000000080000000, 0x0000000100000000)
  region size 1024K, 8 young (8192K), 8 survivors (8192K)
 Metaspace       used 94619K, capacity 97026K, committed 97148K, reserved 1132544K
  class space    used 12373K, capacity 13266K, committed 13312K, reserved 1048576K
}
Event: 171.361 GC heap before
{Heap before GC invocations=74 (full 0):
 garbage-first heap   total 370688K, used 234332K [0x0000000080000000, 0x0000000100000000)
  region size 1024K, 60 young (61440K), 8 survivors (8192K)
 Metaspace       used 94711K, capacity 97091K, committed 97148K, reserved 1132544K
  class space    used 12373K, capacity 13266K, committed 13312K, reserved 1048576K
}
Event: 171.436 GC heap after
{Heap after GC invocations=75 (full 0):
 garbage-first heap   total 370688K, used 207520K [0x0000000080000000, 0x0000000100000000)
  region size 1024K, 8 young (8192K), 8 survivors (8192K)
 Metaspace       used 94711K, capacity 97091K, committed 97148K, reserved 1132544K
  class space    used 12373K, capacity 13266K, committed 13312K, reserved 1048576K
}
Event: 172.477 GC heap before
{Heap before GC invocations=76 (full 0):
 garbage-first heap   total 370688K, used 254624K [0x0000000080000000, 0x0000000100000000)
  region size 1024K, 54 young (55296K), 8 survivors (8192K)
 Metaspace       used 95866K, capacity 98346K, committed 98684K, reserved 1134592K
  class space    used 12544K, capacity 13468K, committed 13568K, reserved 1048576K
}
Event: 172.514 GC heap after
{Heap after GC invocations=77 (full 0):
 garbage-first heap   total 370688K, used 220160K [0x0000000080000000, 0x0000000100000000)
  region size 1024K, 7 young (7168K), 7 survivors (7168K)
 Metaspace       used 95866K, capacity 98346K, committed 98684K, reserved 1134592K
  class space    used 12544K, capacity 13468K, committed 13568K, reserved 1048576K
}
Event: 173.233 GC heap before
{Heap before GC invocations=77 (full 0):
 garbage-first heap   total 370688K, used 266240K [0x0000000080000000, 0x0000000100000000)
  region size 1024K, 52 young (53248K), 7 survivors (7168K)
 Metaspace       used 96924K, capacity 99461K, committed 99580K, reserved 1134592K
  class space    used 12693K, capacity 13622K, committed 13696K, reserved 1048576K
}

